<?xml version="1.0" encoding="UTF-8" ?>
<testsuite errors="0" failures="0" name="org.apache.synapse.spi.injection.FaultProcessorWithRuleTest" tests="1" time="4.766">
  <properties>
    <property name="file.encoding.pkg" value="sun.io"></property>
    <property name="maven.compile.debug" value="on"></property>
    <property name="maven.property.inheritance" value="true"></property>
    <property name="java.home" value="C:\jdk\jre"></property>
    <property name="xmlsec.version" value="1.2.1"></property>
    <property name="xalan.version" value="2.6.0"></property>
    <property name="maven.distBuildIndicator" value="DIST_BUILD_DIRECTORY"></property>
    <property name="context" value="org.apache.maven.jelly.MavenJellyContext@79717e"></property>
    <property name="maven.xdoc.legend" value="true"></property>
    <property name="maven.plugin.unpacked.dir" value="C:\maven/cache"></property>
    <property name="java.awt.headless" value="true"></property>
    <property name="java.endorsed.dirs" value="C:\jdk\jre\lib\endorsed"></property>
    <property name="maven.conf.dir" value="C:\move2head\trunk\scratch\prototype3/conf"></property>
    <property name="org.apache.commons.jelly.ant.Project" value="org.apache.commons.jelly.tags.ant.GrantProject@18330bf"></property>
    <property name="maven.xdoc.includeProjectDocumentation" value="yes"></property>
    <property name="maven.docs.omitXmlDeclaration" value="false"></property>
    <property name="sun.os.patch.level" value="Service Pack 2"></property>
    <property name="java.vendor.url" value="http://java.sun.com/"></property>
    <property name="maven.build.dir" value="C:\move2head\trunk\scratch\prototype3/target"></property>
    <property name="java.version" value="1.4.2_09"></property>
    <property name="maven.remote.group" value="maven"></property>
    <property name="maven.xdoc.bundle" value="xdocs"></property>
    <property name="jaxen.version" value="1.1-beta-7"></property>
    <property name="java.vendor.url.bug" value="http://java.sun.com/cgi-bin/bugreport.cgi"></property>
    <property name="geronimo.spec.servlet.version" value="2.4-rc4"></property>
    <property name="maven.junit.jvm" value=""></property>
    <property name="user.name" value="Paul"></property>
    <property name="sun.io.unicode.encoding" value="UnicodeLittle"></property>
    <property name="maven.junit.printSummary" value="true"></property>
    <property name="sourcesPresent" value="true"></property>
    <property name="java.runtime.name" value="Java(TM) 2 Runtime Environment, Standard Edition"></property>
    <property name="maven.xdoc.date.format" value="dd MMMM yyyy"></property>
    <property name="commons.httpclient.version" value="3.0-rc3"></property>
    <property name="java.specification.name" value="Java Platform API Specification"></property>
    <property name="user.timezone" value=""></property>
    <property name="maven.xdoc.poweredby.title" value="Built by Maven"></property>
    <property name="maven.ssh.executable" value="ssh"></property>
    <property name="path.separator" value=";"></property>
    <property name="maven.xdoc.pomDocuments" value="cvs-usage.xml,index.xml,maven-reports.xml,dependencies.xml,issue-tracking.xml,mail-lists.xml,project-info.xml,team-list.xml,downloads.jelly"></property>
    <property name="file.encoding" value="Cp1252"></property>
    <property name="axis2.version" value="0.93-SNAPSHOT"></property>
    <property name="maven.antlr.target.dir" value="C:\move2head\trunk\scratch\prototype3/target/antlr"></property>
    <property name="maven.jar.mainclass" value=""></property>
    <property name="systemScope" value="{java.runtime.name=Java(TM) 2 Runtime Environment, Standard Edition, sun.boot.library.path=c:\jdk\jre\bin, java.vm.version=1.4.2_09-b05, java.vm.vendor=Sun Microsystems Inc., java.vendor.url=http://java.sun.com/, path.separator=;, java.vm.name=Java HotSpot(TM) Client VM, file.encoding.pkg=sun.io, user.country=US, sun.os.patch.level=Service Pack 2, java.vm.specification.name=Java Virtual Machine Specification, user.dir=C:\move2head\trunk\scratch\prototype3, java.runtime.version=1.4.2_09-b05, forehead.conf.file=c:\maven\bin\forehead.conf, java.awt.graphicsenv=sun.awt.Win32GraphicsEnvironment, java.endorsed.dirs=c:\jdk\jre\lib\endorsed, os.arch=x86, java.io.tmpdir=C:\DOCUME~1\Paul\LOCALS~1\Temp\, line.separator=
, java.vm.specification.vendor=Sun Microsystems Inc., user.variant=, os.name=Windows XP, sun.java2d.fontpath=, tools.jar=c:\jdk\lib\tools.jar, java.library.path=c:\jdk\bin;.;C:\WINDOWS\system32;C:\WINDOWS;c:\svn\bin;c:\maven\bin;c:\jdk\bin;C:\WINDOWS\system32;C:\WINDOWS;C:\WINDOWS\System32\Wbem;C:\Program Files\Intel\Wireless\Bin\;C:\Program Files\ATI Technologies\ATI Control Panel;C:\WINDOWS\Downloaded Program Files;C:\IBMTOOLS\Python22;C:\Program Files\PC-Doctor for Windows\services;, maven.home.local=C:\maven, java.specification.name=Java Platform API Specification, java.class.version=48.0, java.util.prefs.PreferencesFactory=java.util.prefs.WindowsPreferencesFactory, os.version=5.1, user.home=C:\home\paul, user.timezone=Europe/London, java.awt.printerjob=sun.awt.windows.WPrinterJob, file.encoding=Cp1252, java.specification.version=1.4, java.class.path=c:\maven\lib\forehead-1.0-beta-5.jar, user.name=Paul, java.vm.specification.version=1.0, java.home=c:\jdk\jre, sun.arch.data.model=32, user.language=en, java.specification.vendor=Sun Microsystems Inc., awt.toolkit=sun.awt.windows.WToolkit, java.vm.info=mixed mode, java.version=1.4.2_09, java.ext.dirs=c:\jdk\jre\lib\ext, sun.boot.class.path=c:\jdk\jre\lib\rt.jar;c:\jdk\jre\lib\i18n.jar;c:\jdk\jre\lib\sunrsasign.jar;c:\jdk\jre\lib\jsse.jar;c:\jdk\jre\lib\jce.jar;c:\jdk\jre\lib\charsets.jar;c:\jdk\jre\classes, java.vendor=Sun Microsystems Inc., maven.home=c:\maven, file.separator=\, java.vendor.url.bug=http://java.sun.com/cgi-bin/bugreport.cgi, sun.io.unicode.encoding=UnicodeLittle, sun.cpu.endian=little, sun.cpu.isalist=pentium i486 i386}"></property>
    <property name="maven.junit.dir" value="C:\move2head\trunk\scratch\prototype3"></property>
    <property name="maven.xdoc.poweredby.image" value="maven-button-1.png"></property>
    <property name="bcprov.version" value="jdk13-128"></property>
    <property name="maven.jar.index" value="false"></property>
    <property name="geronimo.spec.activation.version" value="1.0.2-rc4"></property>
    <property name="java.io.tmpdir" value="C:\DOCUME~1\Paul\LOCALS~1\Temp\"></property>
    <property name="user.language" value="en"></property>
    <property name="maven.xdoc.date" value="left"></property>
    <property name="line.separator" value="
"></property>
    <property name="maven.repo.local" value="C:\maven/repository"></property>
    <property name="maven.plugin.user.dir" value="C:\maven/plugins"></property>
    <property name="maven.artifact.manifest.basedir" value="/plugin-resources/templates"></property>
    <property name="maven.junit.fork" value="true"></property>
    <property name="maven.junit.usefile" value="true"></property>
    <property name="maven.junit.format" value="brief"></property>
    <property name="maven.compile.optimize" value="false"></property>
    <property name="java.vm.info" value="mixed mode"></property>
    <property name="maven.repo.remote.enabled" value="true"></property>
    <property name="java.util.prefs.PreferencesFactory" value="java.util.prefs.WindowsPreferencesFactory"></property>
    <property name="java.vm.specification.name" value="Java Virtual Machine Specification"></property>
    <property name="maven.emacsModeOn" value="false"></property>
    <property name="commons.fileupload.version" value="1.0"></property>
    <property name="maven.build.dest" value="C:\move2head\trunk\scratch\prototype3/target/classes"></property>
    <property name="maven.jar.manifest.extensions.add" value="false"></property>
    <property name="maven.compile.deprecation" value="off"></property>
    <property name="maven.xdoc.projectInfo" value="cvs-usage.xml,dependencies.xml,issue-tracking.xml,mail-lists.xml,project-info.xml,team-list.xml,downloads.jelly"></property>
    <property name="parentScope" value="{maven.session=org.apache.maven.MavenSession@1f54c5f, java.vendor=org.apache.commons.jelly.expression.ConstantExpression@16917ee[value=Sun Microsystems Inc.], stax.impl.groupid=org.apache.commons.jelly.expression.ConstantExpression@a23610[value=stax], servletapi.version=org.apache.commons.jelly.expression.ConstantExpression@18b8914[value=2.3], geronimo.spec.activation.version=org.apache.commons.jelly.expression.ConstantExpression@1d49247[value=1.0.2-rc4], os.name=org.apache.commons.jelly.expression.ConstantExpression@cf829d[value=Windows XP], sun.boot.class.path=org.apache.commons.jelly.expression.ConstantExpression@1884a40[value=c:\jdk\jre\lib\rt.jar;c:\jdk\jre\lib\i18n.jar;c:\jdk\jre\lib\sunrsasign.jar;c:\jdk\jre\lib\jsse.jar;c:\jdk\jre\lib\jce.jar;c:\jdk\jre\lib\charsets.jar;c:\jdk\jre\classes], xalan.version=org.apache.commons.jelly.expression.ConstantExpression@c2ee15[value=2.6.0], stax.impl.artifactid=org.apache.commons.jelly.expression.ConstantExpression@19cd75a[value=stax], maven.distBuildDirectory=org.apache.commons.jelly.expression.CompositeExpression@1fe8ce8[expressions=[org.apache.commons.jelly.expression.jexl.JexlExpressionFactory$ExpressionSupportLocal@d4d66b[expression:basedir], org.apache.commons.jelly.expression.ConstantExpression@149105b[value=/target]]], tools.jar=org.apache.commons.jelly.expression.ConstantExpression@1d0d45b[value=c:\jdk\lib\tools.jar], java.vm.specification.vendor=org.apache.commons.jelly.expression.ConstantExpression@125d06e[value=Sun Microsystems Inc.], stax.api.version=org.apache.commons.jelly.expression.ConstantExpression@196f4b5[value=1.0], sun.java2d.fontpath=org.apache.commons.jelly.expression.ConstantExpression@19ba640[value=], java.runtime.version=org.apache.commons.jelly.expression.ConstantExpression@1bfc4fc[value=1.4.2_09-b05], maven.repo.remote.enabled=org.apache.commons.jelly.expression.ConstantExpression@11db6bb[value=true], systemScope={java.runtime.name=Java(TM) 2 Runtime Environment, Standard Edition, sun.boot.library.path=c:\jdk\jre\bin, java.vm.version=1.4.2_09-b05, java.vm.vendor=Sun Microsystems Inc., java.vendor.url=http://java.sun.com/, path.separator=;, java.vm.name=Java HotSpot(TM) Client VM, file.encoding.pkg=sun.io, user.country=US, sun.os.patch.level=Service Pack 2, java.vm.specification.name=Java Virtual Machine Specification, user.dir=C:\move2head\trunk\scratch\prototype3, java.runtime.version=1.4.2_09-b05, forehead.conf.file=c:\maven\bin\forehead.conf, java.awt.graphicsenv=sun.awt.Win32GraphicsEnvironment, java.endorsed.dirs=c:\jdk\jre\lib\endorsed, os.arch=x86, java.io.tmpdir=C:\DOCUME~1\Paul\LOCALS~1\Temp\, line.separator=
, java.vm.specification.vendor=Sun Microsystems Inc., user.variant=, os.name=Windows XP, sun.java2d.fontpath=, tools.jar=c:\jdk\lib\tools.jar, java.library.path=c:\jdk\bin;.;C:\WINDOWS\system32;C:\WINDOWS;c:\svn\bin;c:\maven\bin;c:\jdk\bin;C:\WINDOWS\system32;C:\WINDOWS;C:\WINDOWS\System32\Wbem;C:\Program Files\Intel\Wireless\Bin\;C:\Program Files\ATI Technologies\ATI Control Panel;C:\WINDOWS\Downloaded Program Files;C:\IBMTOOLS\Python22;C:\Program Files\PC-Doctor for Windows\services;, maven.home.local=C:\maven, java.specification.name=Java Platform API Specification, java.class.version=48.0, java.util.prefs.PreferencesFactory=java.util.prefs.WindowsPreferencesFactory, os.version=5.1, user.home=C:\home\paul, user.timezone=Europe/London, java.awt.printerjob=sun.awt.windows.WPrinterJob, file.encoding=Cp1252, java.specification.version=1.4, java.class.path=c:\maven\lib\forehead-1.0-beta-5.jar, user.name=Paul, java.vm.specification.version=1.0, java.home=c:\jdk\jre, sun.arch.data.model=32, user.language=en, java.specification.vendor=Sun Microsystems Inc., awt.toolkit=sun.awt.windows.WToolkit, java.vm.info=mixed mode, java.version=1.4.2_09, java.ext.dirs=c:\jdk\jre\lib\ext, sun.boot.class.path=c:\jdk\jre\lib\rt.jar;c:\jdk\jre\lib\i18n.jar;c:\jdk\jre\lib\sunrsasign.jar;c:\jdk\jre\lib\jsse.jar;c:\jdk\jre\lib\jce.jar;c:\jdk\jre\lib\charsets.jar;c:\jdk\jre\classes, java.vendor=Sun Microsystems Inc., maven.home=c:\maven, file.separator=\, java.vendor.url.bug=http://java.sun.com/cgi-bin/bugreport.cgi, sun.io.unicode.encoding=UnicodeLittle, sun.cpu.endian=little, sun.cpu.isalist=pentium i486 i386}, groovy.all.version=org.apache.commons.jelly.expression.ConstantExpression@1c7e2da[value=1.0-jsr-01], wss4j.version=org.apache.commons.jelly.expression.ConstantExpression@1fe571f[value=SNAPSHOT], user.name=org.apache.commons.jelly.expression.ConstantExpression@109ea96[value=Paul], maven.debugOn=false, maven.compile.debug=org.apache.commons.jelly.expression.ConstantExpression@83b1b[value=on], jaxen.version=org.apache.commons.jelly.expression.ConstantExpression@608760[value=1.1-beta-7], maven.repo.local=org.apache.commons.jelly.expression.CompositeExpression@157ea4a[expressions=[org.apache.commons.jelly.expression.jexl.JexlExpressionFactory$ExpressionSupportLocal@d6b059[expression:maven.home.local], org.apache.commons.jelly.expression.ConstantExpression@d3c65d[value=/repository]]], maven.defaults.loaded=org.apache.commons.jelly.expression.ConstantExpression@1843a75[value=true], maven.docs.omitXmlDeclaration=org.apache.commons.jelly.expression.ConstantExpression@1a1399[value=false], bcprov.version=org.apache.commons.jelly.expression.ConstantExpression@1fcc0a2[value=jdk13-128], XmlSchema.version=org.apache.commons.jelly.expression.ConstantExpression@caf6c1[value=SNAPSHOT], user.language=org.apache.commons.jelly.expression.ConstantExpression@10e35d5[value=en], sun.boot.library.path=org.apache.commons.jelly.expression.ConstantExpression@1f03691[value=c:\jdk\jre\bin], geronimo.spec.servlet.version=org.apache.commons.jelly.expression.ConstantExpression@18e8541[value=2.4-rc4], opensaml.version=org.apache.commons.jelly.expression.ConstantExpression@1ce85c4[value=1.0.1], maven.build.dest=org.apache.commons.jelly.expression.CompositeExpression@1b03c1a[expressions=[org.apache.commons.jelly.expression.jexl.JexlExpressionFactory$ExpressionSupportLocal@139e351[expression:maven.build.dir], org.apache.commons.jelly.expression.ConstantExpression@17aece8[value=/classes]]], maven.xmlOutput=org.apache.commons.jelly.XMLOutput$1@1578aab[contentHandler=org.dom4j.io.XMLWriter@51127a;lexicalHandler=org.dom4j.io.XMLWriter@51127a], maven.plugin.user.dir=org.apache.commons.jelly.expression.CompositeExpression@94257f[expressions=[org.apache.commons.jelly.expression.jexl.JexlExpressionFactory$ExpressionSupportLocal@29c58e[expression:maven.home.local], org.apache.commons.jelly.expression.ConstantExpression@691dee[value=/plugins]]], java.version=org.apache.commons.jelly.expression.ConstantExpression@12bf892[value=1.4.2_09], user.timezone=org.apache.commons.jelly.expression.ConstantExpression@1cc5069[value=], axis.wsdl4j.version=org.apache.commons.jelly.expression.ConstantExpression@b32ed4[value=1.2], sun.arch.data.model=org.apache.commons.jelly.expression.ConstantExpression@1c7980c[value=32], commons.discovery.version=org.apache.commons.jelly.expression.ConstantExpression@cf710e[value=0.2], java.endorsed.dirs=org.apache.commons.jelly.expression.ConstantExpression@1077fc9[value=c:\jdk\jre\lib\endorsed], maven.property.inheritance=org.apache.commons.jelly.expression.ConstantExpression@1568fb5[value=true], sun.cpu.isalist=org.apache.commons.jelly.expression.ConstantExpression@1f4bcf7[value=pentium i486 i386], file.encoding.pkg=org.apache.commons.jelly.expression.ConstantExpression@a2220f[value=sun.io], maven.xdoc.date=org.apache.commons.jelly.expression.ConstantExpression@6a3960[value=left], file.separator=org.apache.commons.jelly.expression.ConstantExpression@1dccedd[value=\], java.specification.name=org.apache.commons.jelly.expression.ConstantExpression@1911540[value=Java Platform API Specification], maven.src.dir=org.apache.commons.jelly.expression.CompositeExpression@a4488[expressions=[org.apache.commons.jelly.expression.jexl.JexlExpressionFactory$ExpressionSupportLocal@19762f[expression:basedir], org.apache.commons.jelly.expression.ConstantExpression@19e215b[value=/src]]], java.class.version=org.apache.commons.jelly.expression.ConstantExpression@9ff0a8[value=48.0], user.country=org.apache.commons.jelly.expression.ConstantExpression@70be88[value=US], axis2.version=org.apache.commons.jelly.expression.ConstantExpression@1ecfe07[value=0.93-SNAPSHOT], java.home=org.apache.commons.jelly.expression.ConstantExpression@199939[value=c:\jdk\jre], forehead.conf.file=org.apache.commons.jelly.expression.ConstantExpression@9a9b65[value=c:\maven\bin\forehead.conf], java.vm.info=org.apache.commons.jelly.expression.ConstantExpression@502819[value=mixed mode], os.version=org.apache.commons.jelly.expression.ConstantExpression@78aa80[value=5.1], maven.conf.dir=org.apache.commons.jelly.expression.CompositeExpression@1d98a[expressions=[org.apache.commons.jelly.expression.jexl.JexlExpressionFactory$ExpressionSupportLocal@1712651[expression:basedir], org.apache.commons.jelly.expression.ConstantExpression@18aab40[value=/conf]]], path.separator=org.apache.commons.jelly.expression.ConstantExpression@f102d3[value=;], java.vm.version=org.apache.commons.jelly.expression.ConstantExpression@f07355[value=1.4.2_09-b05], maven.build.dir=org.apache.commons.jelly.expression.CompositeExpression@23f1bb[expressions=[org.apache.commons.jelly.expression.jexl.JexlExpressionFactory$ExpressionSupportLocal@1d33a6b[expression:basedir], org.apache.commons.jelly.expression.ConstantExpression@a0864f[value=/target]]], java.util.prefs.PreferencesFactory=org.apache.commons.jelly.expression.ConstantExpression@d1e233[value=java.util.prefs.WindowsPreferencesFactory], user.variant=org.apache.commons.jelly.expression.ConstantExpression@15983b7[value=], maven.ssh.executable=org.apache.commons.jelly.expression.ConstantExpression@1d6747b[value=ssh], maven.emacsModeOn=false, java.awt.printerjob=org.apache.commons.jelly.expression.ConstantExpression@7976c1[value=sun.awt.windows.WPrinterJob], sun.io.unicode.encoding=org.apache.commons.jelly.expression.ConstantExpression@6397eb[value=UnicodeLittle], awt.toolkit=org.apache.commons.jelly.expression.ConstantExpression@8aeb74[value=sun.awt.windows.WToolkit], xbean.version=org.apache.commons.jelly.expression.ConstantExpression@6835fb[value=2.0.0], maven.compile.optimize=org.apache.commons.jelly.expression.ConstantExpression@1b01afa[value=false], maven.compile.fork=org.apache.commons.jelly.expression.ConstantExpression@bb494b[value=true], user.home=org.apache.commons.jelly.expression.ConstantExpression@1c8efd1[value=C:\home\paul], commons.logging.version=org.apache.commons.jelly.expression.ConstantExpression@f892a4[value=1.0.4], java.specification.vendor=org.apache.commons.jelly.expression.ConstantExpression@1636e4e[value=Sun Microsystems Inc.], maven.final.dir=org.apache.commons.jelly.expression.CompositeExpression@df0438[expressions=[org.apache.commons.jelly.expression.jexl.JexlExpressionFactory$ExpressionSupportLocal@18e261d[expression:basedir], org.apache.commons.jelly.expression.ConstantExpression@1684706[value=/], org.apache.commons.jelly.expression.jexl.JexlExpressionFactory$ExpressionSupportLocal@10efd7c[expression:maven.final.name]]], maven.build.src=org.apache.commons.jelly.expression.CompositeExpression@12412e7[expressions=[org.apache.commons.jelly.expression.jexl.JexlExpressionFactory$ExpressionSupportLocal@1552b76[expression:maven.build.dir], org.apache.commons.jelly.expression.ConstantExpression@988707[value=/src]]], maven.build=org.apache.commons.jelly.expression.ConstantExpression@1c8ef56[value=MAVEN_BUILD_NOT_SET], java.library.path=org.apache.commons.jelly.expression.ConstantExpression@d90453[value=c:\jdk\bin;.;C:\WINDOWS\system32;C:\WINDOWS;c:\svn\bin;c:\maven\bin;c:\jdk\bin;C:\WINDOWS\system32;C:\WINDOWS;C:\WINDOWS\System32\Wbem;C:\Program Files\Intel\Wireless\Bin\;C:\Program Files\ATI Technologies\ATI Control Panel;C:\WINDOWS\Downloaded Program Files;C:\IBMTOOLS\Python22;C:\Program Files\PC-Doctor for Windows\services;], java.vendor.url=org.apache.commons.jelly.expression.ConstantExpression@1ab11b0[value=http://java.sun.com/], xmlsec.version=org.apache.commons.jelly.expression.ConstantExpression@165b7e[value=1.2.1], java.vm.vendor=org.apache.commons.jelly.expression.ConstantExpression@1d0d124[value=Sun Microsystems Inc.], geronimo.spec.javamail.version=org.apache.commons.jelly.expression.ConstantExpression@52c6b4[value=1.3.1-rc5], maven.username=org.apache.commons.jelly.expression.ConstantExpression@738d08[value=USERNAME_NOT_SET], maven.home=org.apache.commons.jelly.expression.ConstantExpression@302e67[value=c:\maven], java.runtime.name=org.apache.commons.jelly.expression.ConstantExpression@136a1a1[value=Java(TM) 2 Runtime Environment, Standard Edition], java.class.path=org.apache.commons.jelly.expression.ConstantExpression@1ad6b4b[value=c:\maven\lib\forehead-1.0-beta-5.jar], ant.version=org.apache.commons.jelly.expression.ConstantExpression@5f2db0[value=1.6.5], maven.remote.group=org.apache.commons.jelly.expression.ConstantExpression@b0a3f5[value=maven], maven.gen.docs=org.apache.commons.jelly.expression.CompositeExpression@dc41c5[expressions=[org.apache.commons.jelly.expression.jexl.JexlExpressionFactory$ExpressionSupportLocal@6214f5[expression:maven.build.dir], org.apache.commons.jelly.expression.ConstantExpression@14e113b[value=/generated-xdocs]]], context=org.apache.maven.jelly.MavenJellyContext@4d76b4, maven.distDirectory=org.apache.commons.jelly.expression.CompositeExpression@1ac5f13[expressions=[org.apache.commons.jelly.expression.jexl.JexlExpressionFactory$ExpressionSupportLocal@195dd5b[expression:basedir], org.apache.commons.jelly.expression.ConstantExpression@1f78b68[value=/dist]]], maven.docs.dest=org.apache.commons.jelly.expression.CompositeExpression@e183e9[expressions=[org.apache.commons.jelly.expression.jexl.JexlExpressionFactory$ExpressionSupportLocal@19b46dc[expression:maven.build.dir], org.apache.commons.jelly.expression.ConstantExpression@1493102[value=/docs]]], maven.compile.deprecation=org.apache.commons.jelly.expression.ConstantExpression@30ae41[value=off], java.vm.specification.name=org.apache.commons.jelly.expression.ConstantExpression@4204[value=Java Virtual Machine Specification], maven.junit.jvmargs=org.apache.commons.jelly.expression.ConstantExpression@ee1ede[value=-Djava.awt.headless=true], maven.docs.outputencoding=org.apache.commons.jelly.expression.ConstantExpression@12c8fa8[value=ISO-8859-1], java.vm.specification.version=org.apache.commons.jelly.expression.ConstantExpression@8b8a47[value=1.0], xmlunit.version=org.apache.commons.jelly.expression.ConstantExpression@1236cd5[value=1.0], sun.cpu.endian=org.apache.commons.jelly.expression.ConstantExpression@be49e0[value=little], sun.os.patch.level=org.apache.commons.jelly.expression.ConstantExpression@e41bc3[value=Service Pack 2], maven.plugin.unpacked.dir=org.apache.commons.jelly.expression.CompositeExpression@1dacccc[expressions=[org.apache.commons.jelly.expression.jexl.JexlExpressionFactory$ExpressionSupportLocal@1bb9a58[expression:maven.home.local], org.apache.commons.jelly.expression.ConstantExpression@1922f46[value=/cache]]], java.io.tmpdir=org.apache.commons.jelly.expression.ConstantExpression@5dc994[value=C:\DOCUME~1\Paul\LOCALS~1\Temp\], maven.scp.executable=org.apache.commons.jelly.expression.ConstantExpression@15d3388[value=scp], java.vendor.url.bug=org.apache.commons.jelly.expression.ConstantExpression@1e2670b[value=http://java.sun.com/cgi-bin/bugreport.cgi], maven.final.name=org.apache.commons.jelly.expression.CompositeExpression@db23f1[expressions=[org.apache.commons.jelly.expression.jexl.JexlExpressionFactory$ExpressionSupportLocal@114b82b[expression:pom.artifactId], org.apache.commons.jelly.expression.ConstantExpression@147358f[value=-], org.apache.commons.jelly.expression.jexl.JexlExpressionFactory$ExpressionSupportLocal@d5eb7[expression:pom.currentVersion]]], maven.distBuildIndicator=org.apache.commons.jelly.expression.ConstantExpression@1c54796[value=DIST_BUILD_DIRECTORY], os.arch=org.apache.commons.jelly.expression.ConstantExpression@ded0f0[value=x86], java.awt.graphicsenv=org.apache.commons.jelly.expression.ConstantExpression@676e3f[value=sun.awt.Win32GraphicsEnvironment], java.ext.dirs=org.apache.commons.jelly.expression.ConstantExpression@770d2e[value=c:\jdk\jre\lib\ext], user.dir=org.apache.commons.jelly.expression.ConstantExpression@27982[value=C:\move2head\trunk\scratch\prototype3], commons.fileupload.version=org.apache.commons.jelly.expression.ConstantExpression@778255[value=1.0], maven.docs.src=org.apache.commons.jelly.expression.CompositeExpression@da90c[expressions=[org.apache.commons.jelly.expression.jexl.JexlExpressionFactory$ExpressionSupportLocal@d58939[expression:basedir], org.apache.commons.jelly.expression.ConstantExpression@124111a[value=/xdocs]]], maven.junit.fork=org.apache.commons.jelly.expression.ConstantExpression@dec8b3[value=true], log4j.version=org.apache.commons.jelly.expression.ConstantExpression@4a7df6[value=1.2.12], commons.codec.version=org.apache.commons.jelly.expression.ConstantExpression@93df2c[value=1.3], line.separator=org.apache.commons.jelly.expression.ConstantExpression@20f443[value=
], java.vm.name=org.apache.commons.jelly.expression.ConstantExpression@18488ef[value=Java HotSpot(TM) Client VM], basedir=C:\move2head\trunk\scratch\prototype3, stax.impl.version=org.apache.commons.jelly.expression.ConstantExpression@3a1834[value=1.1.2-dev], maven.plugin.dir=org.apache.commons.jelly.expression.CompositeExpression@b1cd0[expressions=[org.apache.commons.jelly.expression.jexl.JexlExpressionFactory$ExpressionSupportLocal@190a0d6[expression:maven.home], org.apache.commons.jelly.expression.ConstantExpression@2f729e[value=/plugins]]], file.encoding=org.apache.commons.jelly.expression.ConstantExpression@10deb5f[value=Cp1252], maven.application.version=org.apache.commons.jelly.expression.ConstantExpression@d7b7d9[value=1.1-beta-2], maven.repo.remote=org.apache.commons.jelly.expression.ConstantExpression@671f95[value=http://www.ibiblio.org/maven,http://cvs.apache.org/repository/,http://www.apache.org/dist/java-repository/,http://www.openejb.org/maven,http://dist.codehaus.org,http://mirrors.sunsite.dk/maven/,http://people.apache.org/~dims/maven/], commons.httpclient.version=org.apache.commons.jelly.expression.ConstantExpression@4a9a7d[value=3.0-rc3], maven.mode.online=org.apache.commons.jelly.expression.ConstantExpression@1e4a47e[value=true], java.specification.version=org.apache.commons.jelly.expression.ConstantExpression@1eb5666[value=1.4], xerces.version=org.apache.commons.jelly.expression.ConstantExpression@1754699[value=2.6.2], junit.version=org.apache.commons.jelly.expression.ConstantExpression@6e1dec[value=3.8.1], maven.home.local=org.apache.commons.jelly.expression.ConstantExpression@16ea269[value=C:\maven]}"></property>
    <property name="geronimo.spec.javamail.version" value="1.3.1-rc5"></property>
    <property name="maven.artifact.manifest.template" value="manifest.vm"></property>
    <property name="maven.plugin.dir" value="c:\maven/plugins"></property>
    <property name="org.apache.commons.jelly.werkz.Project" value="[Werkz: goals={xdoc:clean=[Goal: name=&quot;xdoc:clean&quot;]; precursor=[]], license:transfer=[Goal: name=&quot;license:transfer&quot;]; precursor=[[Goal: name=&quot;xdoc:init&quot;]; precursor=[[Goal: name=&quot;xdoc:init-i18n&quot;]; precursor=[]]]]]], test:test=[Goal: name=&quot;test:test&quot;]; precursor=[[Goal: name=&quot;test:compile&quot;]; precursor=[[Goal: name=&quot;java:compile&quot;]; precursor=[[Goal: name=&quot;java:prepare-filesystem&quot;]; precursor=[]]]], [Goal: name=&quot;java:jar-resources&quot;]; precursor=[]], [Goal: name=&quot;test:prepare-filesystem&quot;]; precursor=[]], [Goal: name=&quot;test:test-resources&quot;]; precursor=[[Goal: name=&quot;test:prepare-filesystem&quot;]; precursor=[]]]]]]]], xdoc:jelly-init=[Goal: name=&quot;xdoc:jelly-init&quot;]; precursor=[]], pom:deploy=[Goal: name=&quot;pom:deploy&quot;]; precursor=[]], test:single=[Goal: name=&quot;test:single&quot;]; precursor=[[Goal: name=&quot;test:compile&quot;]; precursor=[[Goal: name=&quot;java:compile&quot;]; precursor=[[Goal: name=&quot;java:prepare-filesystem&quot;]; precursor=[]]]], [Goal: name=&quot;java:jar-resources&quot;]; precursor=[]], [Goal: name=&quot;test:prepare-filesystem&quot;]; precursor=[]], [Goal: name=&quot;test:test-resources&quot;]; precursor=[[Goal: name=&quot;test:prepare-filesystem&quot;]; precursor=[]]]]]]]], test:single-test=[Goal: name=&quot;test:single-test&quot;]; precursor=[]], build:end=[Goal: name=&quot;build:end&quot;]; precursor=[]], jar:snapshot=[Goal: name=&quot;jar:snapshot&quot;]; precursor=[]], jar:install=[Goal: name=&quot;jar:install&quot;]; precursor=[[Goal: name=&quot;jar:jar&quot;]; precursor=[[Goal: name=&quot;test:test&quot;]; precursor=[[Goal: name=&quot;test:compile&quot;]; precursor=[[Goal: name=&quot;java:compile&quot;]; precursor=[[Goal: name=&quot;java:prepare-filesystem&quot;]; precursor=[]]]], [Goal: name=&quot;java:jar-resources&quot;]; precursor=[]], [Goal: name=&quot;test:prepare-filesystem&quot;]; precursor=[]], [Goal: name=&quot;test:test-resources&quot;]; precursor=[[Goal: name=&quot;test:prepare-filesystem&quot;]; precursor=[]]]]]]]]]]]], jar:install-snapshot=[Goal: name=&quot;jar:install-snapshot&quot;]; precursor=[[Goal: name=&quot;jar:jar&quot;]; precursor=[[Goal: name=&quot;test:test&quot;]; precursor=[[Goal: name=&quot;test:compile&quot;]; precursor=[[Goal: name=&quot;java:compile&quot;]; precursor=[[Goal: name=&quot;java:prepare-filesystem&quot;]; precursor=[]]]], [Goal: name=&quot;java:jar-resources&quot;]; precursor=[]], [Goal: name=&quot;test:prepare-filesystem&quot;]; precursor=[]], [Goal: name=&quot;test:test-resources&quot;]; precursor=[[Goal: name=&quot;test:prepare-filesystem&quot;]; precursor=[]]]]]]]]]]]], pom:deploy-snapshot=[Goal: name=&quot;pom:deploy-snapshot&quot;]; precursor=[]], xdoc:generate-from-pom=[Goal: name=&quot;xdoc:generate-from-pom&quot;]; precursor=[[Goal: name=&quot;xdoc:init&quot;]; precursor=[[Goal: name=&quot;xdoc:init-i18n&quot;]; precursor=[]]]], [Goal: name=&quot;xdoc:i18n-validation&quot;]; precursor=[]], [Goal: name=&quot;xdoc:register-reports&quot;]; precursor=[]]]], xdoc:init=[Goal: name=&quot;xdoc:init&quot;]; precursor=[[Goal: name=&quot;xdoc:init-i18n&quot;]; precursor=[]]]], maven-license-plugin:register=[Goal: name=&quot;maven-license-plugin:register&quot;]; precursor=[]], xdoc:transform=[Goal: name=&quot;xdoc:transform&quot;]; precursor=[[Goal: name=&quot;xdoc:init&quot;]; precursor=[[Goal: name=&quot;xdoc:init-i18n&quot;]; precursor=[]]]]]], pom:contentvalidate=[Goal: name=&quot;pom:contentvalidate&quot;]; precursor=[]], test=[Goal: name=&quot;test&quot;]; precursor=[[Goal: name=&quot;test:test&quot;]; precursor=[[Goal: name=&quot;test:compile&quot;]; precursor=[[Goal: name=&quot;java:compile&quot;]; precursor=[[Goal: name=&quot;java:prepare-filesystem&quot;]; precursor=[]]]], [Goal: name=&quot;java:jar-resources&quot;]; precursor=[]], [Goal: name=&quot;test:prepare-filesystem&quot;]; precursor=[]], [Goal: name=&quot;test:test-resources&quot;]; precursor=[[Goal: name=&quot;test:prepare-filesystem&quot;]; precursor=[]]]]]]]]]], xdoc:jelly-transform=[Goal: name=&quot;xdoc:jelly-transform&quot;]; precursor=[[Goal: name=&quot;xdoc:init&quot;]; precursor=[[Goal: name=&quot;xdoc:init-i18n&quot;]; precursor=[]]]], [Goal: name=&quot;xdoc:jelly-init&quot;]; precursor=[]], [Goal: name=&quot;xdoc:register-reports&quot;]; precursor=[]]]], xdoc:clean-user-bundles=[Goal: name=&quot;xdoc:clean-user-bundles&quot;]; precursor=[]], artifact:load=[Goal: name=&quot;artifact:load&quot;]; precursor=[]], java:compile=[Goal: name=&quot;java:compile&quot;]; precursor=[[Goal: name=&quot;java:prepare-filesystem&quot;]; precursor=[]]]], license=[Goal: name=&quot;license&quot;]; precursor=[[Goal: name=&quot;license:transfer&quot;]; precursor=[[Goal: name=&quot;xdoc:init&quot;]; precursor=[[Goal: name=&quot;xdoc:init-i18n&quot;]; precursor=[]]]]]]]], jar:deploy-snapshot=[Goal: name=&quot;jar:deploy-snapshot&quot;]; precursor=[[Goal: name=&quot;jar:jar&quot;]; precursor=[[Goal: name=&quot;test:test&quot;]; precursor=[[Goal: name=&quot;test:compile&quot;]; precursor=[[Goal: name=&quot;java:compile&quot;]; precursor=[[Goal: name=&quot;java:prepare-filesystem&quot;]; precursor=[]]]], [Goal: name=&quot;java:jar-resources&quot;]; precursor=[]], [Goal: name=&quot;test:prepare-filesystem&quot;]; precursor=[]], [Goal: name=&quot;test:test-resources&quot;]; precursor=[[Goal: name=&quot;test:prepare-filesystem&quot;]; precursor=[]]]]]]]]]]]], build:start=[Goal: name=&quot;build:start&quot;]; precursor=[]], test:prepare-filesystem=[Goal: name=&quot;test:prepare-filesystem&quot;]; precursor=[]], maven-license-plugin:report=[Goal: name=&quot;maven-license-plugin:report&quot;]; precursor=[]], jar:jar=[Goal: name=&quot;jar:jar&quot;]; precursor=[[Goal: name=&quot;test:test&quot;]; precursor=[[Goal: name=&quot;test:compile&quot;]; precursor=[[Goal: name=&quot;java:compile&quot;]; precursor=[[Goal: name=&quot;java:prepare-filesystem&quot;]; precursor=[]]]], [Goal: name=&quot;java:jar-resources&quot;]; precursor=[]], [Goal: name=&quot;test:prepare-filesystem&quot;]; precursor=[]], [Goal: name=&quot;test:test-resources&quot;]; precursor=[[Goal: name=&quot;test:prepare-filesystem&quot;]; precursor=[]]]]]]]]]], pom:install=[Goal: name=&quot;pom:install&quot;]; precursor=[]], xdoc:validate=[Goal: name=&quot;xdoc:validate&quot;]; precursor=[[Goal: name=&quot;pom:taglib&quot;]; precursor=[]]]], xdoc=[Goal: name=&quot;xdoc&quot;]; precursor=[[Goal: name=&quot;xdoc:generate-from-pom&quot;]; precursor=[[Goal: name=&quot;xdoc:init&quot;]; precursor=[[Goal: name=&quot;xdoc:init-i18n&quot;]; precursor=[]]]], [Goal: name=&quot;xdoc:i18n-validation&quot;]; precursor=[]], [Goal: name=&quot;xdoc:register-reports&quot;]; precursor=[]]]], [Goal: name=&quot;xdoc:transform&quot;]; precursor=[[Goal: name=&quot;xdoc:init&quot;]; precursor=[[Goal: name=&quot;xdoc:init-i18n&quot;]; precursor=[]]]]]]]], test:test-resources=[Goal: name=&quot;test:test-resources&quot;]; precursor=[[Goal: name=&quot;test:prepare-filesystem&quot;]; precursor=[]]]], xdoc:performJSL=[Goal: name=&quot;xdoc:performJSL&quot;]; precursor=[]], xdoc:init-i18n=[Goal: name=&quot;xdoc:init-i18n&quot;]; precursor=[]], jar:deploy=[Goal: name=&quot;jar:deploy&quot;]; precursor=[[Goal: name=&quot;jar:jar&quot;]; precursor=[[Goal: name=&quot;test:test&quot;]; precursor=[[Goal: name=&quot;test:compile&quot;]; precursor=[[Goal: name=&quot;java:compile&quot;]; precursor=[[Goal: name=&quot;java:prepare-filesystem&quot;]; precursor=[]]]], [Goal: name=&quot;java:jar-resources&quot;]; precursor=[]], [Goal: name=&quot;test:prepare-filesystem&quot;]; precursor=[]], [Goal: name=&quot;test:test-resources&quot;]; precursor=[[Goal: name=&quot;test:prepare-filesystem&quot;]; precursor=[]]]]]]]]]]]], test:compile=[Goal: name=&quot;test:compile&quot;]; precursor=[[Goal: name=&quot;java:compile&quot;]; precursor=[[Goal: name=&quot;java:prepare-filesystem&quot;]; precursor=[]]]], [Goal: name=&quot;java:jar-resources&quot;]; precursor=[]], [Goal: name=&quot;test:prepare-filesystem&quot;]; precursor=[]], [Goal: name=&quot;test:test-resources&quot;]; precursor=[[Goal: name=&quot;test:prepare-filesystem&quot;]; precursor=[]]]]]], xdoc:copy-resources=[Goal: name=&quot;xdoc:copy-resources&quot;]; precursor=[[Goal: name=&quot;xdoc:init&quot;]; precursor=[[Goal: name=&quot;xdoc:init-i18n&quot;]; precursor=[]]]]]], test:ui=[Goal: name=&quot;test:ui&quot;]; precursor=[[Goal: name=&quot;test:compile&quot;]; precursor=[[Goal: name=&quot;java:compile&quot;]; precursor=[[Goal: name=&quot;java:prepare-filesystem&quot;]; precursor=[]]]], [Goal: name=&quot;java:jar-resources&quot;]; precursor=[]], [Goal: name=&quot;test:prepare-filesystem&quot;]; precursor=[]], [Goal: name=&quot;test:test-resources&quot;]; precursor=[[Goal: name=&quot;test:prepare-filesystem&quot;]; precursor=[]]]]]]]], xdoc:copy-user-resources=[Goal: name=&quot;xdoc:copy-user-resources&quot;]; precursor=[[Goal: name=&quot;xdoc:init&quot;]; precursor=[[Goal: name=&quot;xdoc:init-i18n&quot;]; precursor=[]]]], [Goal: name=&quot;xdoc:copy-user-bundles&quot;]; precursor=[]]]], pom:install-snapshot=[Goal: name=&quot;pom:install-snapshot&quot;]; precursor=[]], maven-license-plugin:deregister=[Goal: name=&quot;maven-license-plugin:deregister&quot;]; precursor=[]], xdoc:copy-user-bundles=[Goal: name=&quot;xdoc:copy-user-bundles&quot;]; precursor=[]], jar=[Goal: name=&quot;jar&quot;]; precursor=[[Goal: name=&quot;jar:jar&quot;]; precursor=[[Goal: name=&quot;test:test&quot;]; precursor=[[Goal: name=&quot;test:compile&quot;]; precursor=[[Goal: name=&quot;java:compile&quot;]; precursor=[[Goal: name=&quot;java:prepare-filesystem&quot;]; precursor=[]]]], [Goal: name=&quot;java:jar-resources&quot;]; precursor=[]], [Goal: name=&quot;test:prepare-filesystem&quot;]; precursor=[]], [Goal: name=&quot;test:test-resources&quot;]; precursor=[[Goal: name=&quot;test:prepare-filesystem&quot;]; precursor=[]]]]]]]]]]]], pom:validate=[Goal: name=&quot;pom:validate&quot;]; precursor=[[Goal: name=&quot;pom:verify-version&quot;]; precursor=[]]]], test:match-test=[Goal: name=&quot;test:match-test&quot;]; precursor=[]], xdoc:i18n-validation=[Goal: name=&quot;xdoc:i18n-validation&quot;]; precursor=[]], java:prepare-filesystem=[Goal: name=&quot;java:prepare-filesystem&quot;]; precursor=[]], xdoc:register-reports=[Goal: name=&quot;xdoc:register-reports&quot;]; precursor=[]], pom:taglib=[Goal: name=&quot;pom:taglib&quot;]; precursor=[]], clean:clean=[Goal: name=&quot;clean:clean&quot;]; precursor=[]], antlr:prepare-filesystem=[Goal: name=&quot;antlr:prepare-filesystem&quot;]; precursor=[]], xdoc:dump-report-settings=[Goal: name=&quot;xdoc:dump-report-settings&quot;]; precursor=[]], java:jar-resources=[Goal: name=&quot;java:jar-resources&quot;]; precursor=[]], setclasspath=[Goal: name=&quot;setclasspath&quot;]; precursor=[]], pom:verify-version=[Goal: name=&quot;pom:verify-version&quot;]; precursor=[]], test:match=[Goal: name=&quot;test:match&quot;]; precursor=[[Goal: name=&quot;test:compile&quot;]; precursor=[[Goal: name=&quot;java:compile&quot;]; precursor=[[Goal: name=&quot;java:prepare-filesystem&quot;]; precursor=[]]]], [Goal: name=&quot;java:jar-resources&quot;]; precursor=[]], [Goal: name=&quot;test:prepare-filesystem&quot;]; precursor=[]], [Goal: name=&quot;test:test-resources&quot;]; precursor=[[Goal: name=&quot;test:prepare-filesystem&quot;]; precursor=[]]]]]]]], antlr:generate=[Goal: name=&quot;antlr:generate&quot;]; precursor=[[Goal: name=&quot;antlr:prepare-filesystem&quot;]; precursor=[]]]], pom=[Goal: name=&quot;pom&quot;]; precursor=[[Goal: name=&quot;pom:validate&quot;]; precursor=[[Goal: name=&quot;pom:verify-version&quot;]; precursor=[]]]]]], java:jar=[Goal: name=&quot;java:jar&quot;]; precursor=[[Goal: name=&quot;jar:jar&quot;]; precursor=[[Goal: name=&quot;test:test&quot;]; precursor=[[Goal: name=&quot;test:compile&quot;]; precursor=[[Goal: name=&quot;java:compile&quot;]; precursor=[[Goal: name=&quot;java:prepare-filesystem&quot;]; precursor=[]]]], [Goal: name=&quot;java:jar-resources&quot;]; precursor=[]], [Goal: name=&quot;test:prepare-filesystem&quot;]; precursor=[]], [Goal: name=&quot;test:test-resources&quot;]; precursor=[[Goal: name=&quot;test:prepare-filesystem&quot;]; precursor=[]]]]]]]]]]]]};]"></property>
    <property name="java.awt.printerjob" value="sun.awt.windows.WPrinterJob"></property>
    <property name="forehead.conf.file" value="c:\maven\bin\forehead.conf"></property>
    <property name="maven.final.name" value="Synapse-M1-SNAPSHOT"></property>
    <property name="maven.jar.manifest" value="C:\move2head\trunk\scratch\prototype3/conf/Manifest.mf"></property>
    <property name="ant.version" value="1.6.5"></property>
    <property name="xmlunit.version" value="1.0"></property>
    <property name="maven.xdoc.distributionType" value="jar"></property>
    <property name="maven.jar.final.name" value="Synapse-M1-SNAPSHOT.jar"></property>
    <property name="opensaml.version" value="1.0.1"></property>
    <property name="maven.xdoc.copy.excludes" value="file.gif,folder-closed.gif,folder-open.gif,icon_alert.gif,icon_alertsml.gif,icon_arrowfolder1_sml.gif,icon_arrowfolder2_sml.gif,icon_arrowmembers1_sml.gif,icon_arrowmembers2_sml.gif,icon_arrowusergroups1_sml.gif,icon_arrowusergroups2_sml.gif,icon_confirmsml.gif,icon_help_lrg.gif,icon_infosml.gif,icon_members_sml.gif,icon_sortleft.gif,icon_sortright.gif,icon_usergroups_sml.gif,icon_waste_lrg.gif,icon_waste_sml.gif,none.png,nw_maj.gif,nw_maj_hi.gif,nw_med.gif,nw_med_hi.gif,nw_med_rond.gif,nw_min.gif,nw_min_036.gif,nw_min_hi.gif,poweredby_036.gif,product_logo.gif,se_maj_rond.gif,sw_min.gif,logos/**"></property>
    <property name="maven.scp.executable" value="scp"></property>
    <property name="maven.docs.dest" value="C:\move2head\trunk\scratch\prototype3/target/docs"></property>
    <property name="os.name" value="Windows XP"></property>
    <property name="java.specification.vendor" value="Sun Microsystems Inc."></property>
    <property name="groovy.all.version" value="1.0-jsr-01"></property>
    <property name="maven.docs.src" value="C:\move2head\trunk\scratch\prototype3/xdocs"></property>
    <property name="java.vm.name" value="Java HotSpot(TM) Client VM"></property>
    <property name="java.library.path" value="C:\jdk\jre\bin;.;C:\WINDOWS\system32;C:\WINDOWS;c:\svn\bin;c:\maven\bin;c:\jdk\bin;C:\WINDOWS\system32;C:\WINDOWS;C:\WINDOWS\System32\Wbem;C:\Program Files\Intel\Wireless\Bin\;C:\Program Files\ATI Technologies\ATI Control Panel;C:\WINDOWS\Downloaded Program Files;C:\IBMTOOLS\Python22;C:\Program Files\PC-Doctor for Windows\services;"></property>
    <property name="maven.build" value="MAVEN_BUILD_NOT_SET"></property>
    <property name="stax.impl.groupid" value="stax"></property>
    <property name="ant.java.version" value="1.4"></property>
    <property name="maven.jar.compress" value="true"></property>
    <property name="basedir" value="C:\move2head\trunk\scratch\prototype3"></property>
    <property name="java.class.version" value="48.0"></property>
    <property name="dir__" value="C:\move2head\trunk\scratch\prototype3\testX"></property>
    <property name="maven.xdoc.poweredby.url" value="http://maven.apache.org/"></property>
    <property name="maven.final.dir" value="C:\move2head\trunk\scratch\prototype3/Synapse-M1-SNAPSHOT"></property>
    <property name="maven.xdoc.developmentProcessUrl" value="http://maven.apache.org/development-process.html"></property>
    <property name="XmlSchema.version" value="SNAPSHOT"></property>
    <property name="maven.mode.online" value="true"></property>
    <property name="maven.test.dest" value="C:\move2head\trunk\scratch\prototype3/target/test-classes"></property>
    <property name="maven.session.global" value="org.apache.maven.werkz.jelly.JellySession@68cb6b"></property>
    <property name="maven.xmlOutput" value="org.apache.commons.jelly.XMLOutput$1@1578aab[contentHandler=org.dom4j.io.XMLWriter@51127a;lexicalHandler=org.dom4j.io.XMLWriter@51127a]"></property>
    <property name="maven.test.skip" value="false"></property>
    <property name="maven.src.dir" value="C:\move2head\trunk\scratch\prototype3/src"></property>
    <property name="maven.xdoc.ui.displayByDefault" value="false"></property>
    <property name="sun.boot.library.path" value="C:\jdk\jre\bin"></property>
    <property name="stax.impl.version" value="1.1.2-dev"></property>
    <property name="java.awt.graphicsenv" value="sun.awt.Win32GraphicsEnvironment"></property>
    <property name="maven.compile.fork" value="true"></property>
    <property name="user.variant" value=""></property>
    <property name="junit.version" value="3.8.1"></property>
    <property name="maven.junit.envvars" value=""></property>
    <property name="stax.impl.artifactid" value="stax"></property>
    <property name="maven.session" value="org.apache.maven.MavenSession@1f54c5f"></property>
    <property name="maven.xdoc.crumb.separator" value="|"></property>
    <property name="java.vm.specification.version" value="1.0"></property>
    <property name="pom" value="Apache Synpase"></property>
    <property name="maven.test.reportsDirectory" value="C:\move2head\trunk\scratch\prototype3/target/test-reports"></property>
    <property name="awt.toolkit" value="sun.awt.windows.WToolkit"></property>
    <property name="wss4j.version" value="SNAPSHOT"></property>
    <property name="sun.cpu.isalist" value="pentium i486 i386"></property>
    <property name="maven.ant.project" value="org.apache.commons.jelly.tags.ant.GrantProject@18330bf"></property>
    <property name="unitTestSourcesPresent" value="true"></property>
    <property name="java.ext.dirs" value="C:\jdk\jre\lib\ext"></property>
    <property name="os.version" value="5.1"></property>
    <property name="maven.jar.excludes" value="**/package.html"></property>
    <property name="user.home" value="C:\home\paul"></property>
    <property name="java.vm.vendor" value="Sun Microsystems Inc."></property>
    <property name="maven.xdoc.date.locale" value="en"></property>
    <property name="maven.junit.forkmode" value="perTest"></property>
    <property name="stax.api.version" value="1.0"></property>
    <property name="maven.xdoc.theme.url" value=""></property>
    <property name="user.dir" value="C:\move2head\trunk\scratch\prototype3"></property>
    <property name="maven.artifact.manifest.extensions.add" value="false"></property>
    <property name="maven.xdoc.theme" value="theme"></property>
    <property name="commons.logging.version" value="1.0.4"></property>
    <property name="maven.build.src" value="C:\move2head\trunk\scratch\prototype3/target/src"></property>
    <property name="maven.xdoc.ui.localeList.max" value="5"></property>
    <property name="log4j.version" value="1.2.12"></property>
    <property name="maven.distDirectory" value="C:\move2head\trunk\scratch\prototype3/dist"></property>
    <property name="sun.cpu.endian" value="little"></property>
    <property name="maven.default.goal" value="jar"></property>
    <property name="maven.xdoc.locale.supported" value=""></property>
    <property name="project" value="org.apache.commons.jelly.tags.ant.GrantProject@18330bf"></property>
    <property name="maven.defaults.loaded" value="true"></property>
    <property name="maven.username" value="USERNAME_NOT_SET"></property>
    <property name="java.vm.version" value="1.4.2_09-b05"></property>
    <property name="java.class.path" value="C:\move2head\trunk\scratch\prototype3\target\test-classes;C:\move2head\trunk\scratch\prototype3\target\classes;C:\maven\repository\axis2\jars\axis2-0.93-SNAPSHOT.jar;C:\maven\repository\commons-logging\jars\commons-logging-1.0.4.jar;C:\maven\repository\commons-httpclient\jars\commons-httpclient-3.0-rc3.jar;C:\maven\repository\commons-discovery\jars\commons-discovery-0.2.jar;C:\maven\repository\commons-codec\jars\commons-codec-1.3.jar;C:\maven\repository\log4j\jars\log4j-1.2.12.jar;C:\maven\repository\stax\jars\stax-1.1.2-dev.jar;C:\maven\repository\stax\jars\stax-api-1.0.jar;C:\maven\repository\axis\jars\axis-wsdl4j-1.2.jar;C:\maven\repository\geronimo-spec\jars\geronimo-spec-javamail-1.3.1-rc5.jar;C:\maven\repository\geronimo-spec\jars\geronimo-spec-activation-1.0.2-rc4.jar;C:\maven\repository\xmlbeans\jars\xbean-2.0.0.jar;C:\maven\repository\wss4j\jars\wss4j-SNAPSHOT.jar;C:\maven\repository\xml-security\jars\xmlsec-1.2.1.jar;C:\maven\repository\bouncycastle\jars\bcprov-jdk13-128.jar;C:\maven\repository\opensaml\jars\opensaml-1.0.1.jar;C:\maven\repository\junit\jars\junit-3.8.1.jar;C:\maven\repository\xerces\jars\xmlParserAPIs-2.6.2.jar;C:\maven\repository\jaxen\jars\jaxen-1.1-beta-7.jar;C:\maven\repository\xalan\jars\xalan-2.6.0.jar;C:\maven\repository\xml-apis\jars\xml-apis-1.0.b2.jar;C:\maven\repository\xerces\jars\xerces-2.4.0.jar;C:\maven\lib\ant-launcher-1.6.5.jar;C:\maven\lib\ant-1.6.5.jar;C:\maven\lib\ant-junit-1.6.5.jar"></property>
    <property name="maven.debugOn" value="false"></property>
    <property name="os.arch" value="x86"></property>
    <property name="axis.wsdl4j.version" value="1.2"></property>
    <property name="maven.junit.jvmargs" value="-Djava.awt.headless=true"></property>
    <property name="commons.codec.version" value="1.3"></property>
    <property name="maven.application.version" value="1.1-beta-2"></property>
    <property name="maven.repo.remote" value="http://www.ibiblio.org/maven,http://cvs.apache.org/repository/,http://www.apache.org/dist/java-repository/,http://www.openejb.org/maven,http://dist.codehaus.org,http://mirrors.sunsite.dk/maven/,http://people.apache.org/~dims/maven/"></property>
    <property name="xbean.version" value="2.0.0"></property>
    <property name="maven.license.licenseFile" value="C:\move2head\trunk\scratch\prototype3/LICENSE.txt"></property>
    <property name="java.vm.specification.vendor" value="Sun Microsystems Inc."></property>
    <property name="servletapi.version" value="2.3"></property>
    <property name="file.separator" value="\"></property>
    <property name="maven.gen.docs" value="C:\move2head\trunk\scratch\prototype3/target/generated-xdocs"></property>
    <property name="maven.xdoc.locale.default" value="en"></property>
    <property name="java.runtime.version" value="1.4.2_09-b05"></property>
    <property name="sun.boot.class.path" value="C:\jdk\jre\lib\rt.jar;C:\jdk\jre\lib\i18n.jar;C:\jdk\jre\lib\sunrsasign.jar;C:\jdk\jre\lib\jsse.jar;C:\jdk\jre\lib\jce.jar;C:\jdk\jre\lib\charsets.jar;C:\jdk\jre\classes"></property>
    <property name="maven.xdoc.ui.localeList.asSelect" value="false"></property>
    <property name="maven.home.local" value="C:\maven"></property>
    <property name="maven.xdoc.bundle.src" value="C:\move2head\trunk\scratch\prototype3/xdocs"></property>
    <property name="sun.java2d.fontpath" value=""></property>
    <property name="user.country" value="US"></property>
    <property name="maven.home" value="c:\maven"></property>
    <property name="maven.antlr.src.dir" value="MAVEN_ANTLR_SRC_DIR_NOT_SET"></property>
    <property name="tools.jar" value="c:\jdk\lib\tools.jar"></property>
    <property name="maven.distBuildDirectory" value="C:\move2head\trunk\scratch\prototype3/target"></property>
    <property name="java.vendor" value="Sun Microsystems Inc."></property>
    <property name="commons.discovery.version" value="0.2"></property>
    <property name="maven.docs.outputencoding" value="ISO-8859-1"></property>
    <property name="xerces.version" value="2.6.2"></property>
    <property name="maven.xdoc.copy.excludes.classic" value="external-classic.png,help_logo.gif,icon_arrowfolderclosed1_sml.gif,icon_arrowwaste1_sml.gif,icon_arrowwaste2_sml.gif,icon_doc_lrg.gif,icon_doc_sml.gif,icon_error_lrg.gif,icon_folder_lrg.gif,icon_folder_sml.gif,icon_help_sml.gif,icon_info_lrg.gif,icon_members_lrg.gif,icon_sortdown.gif,icon_sortup.gif,icon_success_lrg.gif,icon_usergroups_lrg.gif,icon_arrowfolderopen2_sml.gif,icon_warning_lrg.gif,newwindow-classic.png,nw_maj_rond.gif,strich.gif,sw_maj_rond.gif,sw_med_rond.gif"></property>
    <property name="java.specification.version" value="1.4"></property>
    <property name="maven.ui.navcol.width" value="20%"></property>
    <property name="sun.arch.data.model" value="32"></property>
  </properties>
  <testcase classname="org.apache.synapse.spi.injection.FaultProcessorWithRuleTest" name="testFaultPrcessor" time="4.547"></testcase>
  <system-out><![CDATA[- Handler {http://synapse.apache.org}SynapseDispatcherAdded to place 1 At the Phase Dispatch
- Handler {http://axis.ws.apache.org}DispatchPostConditionsEvaluator Added to the Phase PostDispatch
- Handler default HandlerAdded to place 1 At the Phase PostDispatch
- found the custom dispatching order and continue with that order
- adding new module
- Deploying module : addressing
- adding new module
- Deploying module : synapse
- Handler default Handler Added to the Phase MessageProcessing
- mediate Operation Name not found in WSDL
- Deployment WS Name  emptymediator.aar
- Handler default Handler Added to the Phase MessageProcessing
- mediate Operation Name not found in WSDL
- Deployment WS Name  synapse.aar
- Handler {http://axis.ws.apache.org}AddressingBasedDispatcherAdded to place 1 At the Phase Dispatch
- Handler {http://axis.ws.apache.org}RequestURIBasedDispatcherAdded to place 1 At the Phase Dispatch
- Handler {http://axis.ws.apache.org}SOAPActionBasedDispatcherAdded to place 1 At the Phase Dispatch
- Handler {http://axis.ws.apache.org}SOAPMessageBodyBasedDispatcherAdded to place 1 At the Phase Dispatch
- Handler {http://axis.ws.apache.org}DispatchPostConditionsEvaluatorAdded to place 1 At the Phase PostDispatch
- Handler default HandlerAdded to place 1 At the Phase PostDispatch
- no custom dispatching order found, continuing with the default dispaching order
- Handler default Handler Added to the Phase MessageProcessing
- Handler default Handler Added to the Phase MessageProcessing
- Handler default Handler Added to the Phase MessageProcessing
- Invoking Handler 'AddressingOutHandler' in Phase 'MessageOut'
- Build the OMElelment EnvelopeBy the StaxSOAPModelBuilder
- Starting Process SOAP 1.1 message
- Build the OMElelment HeaderBy the StaxSOAPModelBuilder
- Build the OMElelment ToBy the StaxSOAPModelBuilder
- Build the OMElelment ReplyToBy the StaxSOAPModelBuilder
- Build the OMElelment AddressBy the StaxSOAPModelBuilder
- Build the OMElelment MessageIDBy the StaxSOAPModelBuilder
- Build the OMElelment BodyBy the StaxSOAPModelBuilder
- Build the OMElelment serviceBy the StaxSOAPModelBuilder
- Invoking Handler '{http://synapse.apache.org}SynapseDispatcher' in Phase 'Dispatch'
- Invoking Handler '{http://axis.ws.apache.org}DispatchPostConditionsEvaluator' in Phase 'PostDispatch'
- Invoking Handler 'default Handler' in Phase 'PostDispatch'
synapse
stage
xpath
fault
- Build the OMElelment textBy the StaxSOAPModelBuilder
- stop called
- Simple Axis Server Quits
]]></system-out>
  <system-err><![CDATA[]]></system-err>
</testsuite>
